{"/home/david/fastest-writable/Gruntfile.js":{"path":"/home/david/fastest-writable/Gruntfile.js","s":{"1":1,"2":1,"3":1,"4":1,"5":1,"6":1,"7":1,"8":1,"9":1,"10":1,"11":1,"12":1},"b":{},"f":{"1":1},"fnMap":{"1":{"name":"(anonymous_1)","line":4,"loc":{"start":{"line":4,"column":17},"end":{"line":5,"column":0}}}},"statementMap":{"1":{"start":{"line":4,"column":0},"end":{"line":53,"column":2}},"2":{"start":{"line":6,"column":4},"end":{"line":40,"column":7}},"3":{"start":{"line":42,"column":4},"end":{"line":42,"column":47}},"4":{"start":{"line":43,"column":4},"end":{"line":43,"column":43}},"5":{"start":{"line":44,"column":4},"end":{"line":44,"column":39}},"6":{"start":{"line":45,"column":4},"end":{"line":45,"column":38}},"7":{"start":{"line":47,"column":4},"end":{"line":47,"column":41}},"8":{"start":{"line":48,"column":4},"end":{"line":48,"column":44}},"9":{"start":{"line":49,"column":4},"end":{"line":49,"column":41}},"10":{"start":{"line":50,"column":4},"end":{"line":50,"column":73}},"11":{"start":{"line":51,"column":4},"end":{"line":51,"column":55}},"12":{"start":{"line":52,"column":4},"end":{"line":52,"column":52}}},"branchMap":{}},"/home/david/fastest-writable/index.js":{"path":"/home/david/fastest-writable/index.js","s":{"1":1,"2":1,"3":22,"4":22,"5":22,"6":22,"7":22,"8":22,"9":3,"10":4,"11":22,"12":23,"13":2,"14":22,"15":8,"16":8,"17":1,"18":1,"19":44,"20":44,"21":44,"22":16,"23":4,"24":44,"25":2,"26":1,"27":2,"28":1,"29":11,"30":11,"31":12,"32":12,"33":11,"34":1,"35":23,"36":23,"37":23,"38":1,"39":22,"40":16,"41":23,"42":8,"43":1,"44":26,"45":1,"46":21,"47":19,"48":19,"49":19,"50":1,"51":25,"52":16,"53":1,"54":31,"55":31,"56":20,"57":20,"58":20,"59":20,"60":20,"61":9,"62":6,"63":9,"64":11,"65":11,"66":31,"67":26,"68":47,"69":47,"70":8,"71":8,"72":39,"73":31,"74":31,"75":31,"76":31,"77":31,"78":26,"79":26,"80":8,"81":18,"82":1},"b":{"1":[22,1],"2":[4,12],"3":[1,1],"4":[11,1],"5":[1,22],"6":[16,6],"7":[8,15],"8":[19,2],"9":[16,9],"10":[25,19],"11":[9,11],"12":[6,3],"13":[8,39],"14":[31,8],"15":[8,18],"16":[26,23]},"f":{"1":22,"2":3,"3":23,"4":2,"5":8,"6":8,"7":44,"8":16,"9":2,"10":11,"11":23,"12":26,"13":21,"14":25,"15":31,"16":20},"fnMap":{"1":{"name":"FastestWritable","line":94,"loc":{"start":{"line":94,"column":0},"end":{"line":95,"column":0}}},"2":{"name":"(anonymous_2)","line":105,"loc":{"start":{"line":105,"column":22},"end":{"line":106,"column":4}}},"3":{"name":"(anonymous_3)","line":113,"loc":{"start":{"line":113,"column":20},"end":{"line":114,"column":4}}},"4":{"name":"(anonymous_4)","line":115,"loc":{"start":{"line":115,"column":28},"end":{"line":116,"column":8}}},"5":{"name":"(anonymous_5)","line":121,"loc":{"start":{"line":121,"column":22},"end":{"line":122,"column":4}}},"6":{"name":"(anonymous_6)","line":123,"loc":{"start":{"line":123,"column":28},"end":{"line":124,"column":8}}},"7":{"name":"(anonymous_7)","line":141,"loc":{"start":{"line":141,"column":37},"end":{"line":142,"column":0}}},"8":{"name":"(anonymous_8)","line":151,"loc":{"start":{"line":151,"column":22},"end":{"line":152,"column":4}}},"9":{"name":"(anonymous_9)","line":159,"loc":{"start":{"line":159,"column":21},"end":{"line":160,"column":4}}},"10":{"name":"(anonymous_10)","line":178,"loc":{"start":{"line":178,"column":40},"end":{"line":179,"column":0}}},"11":{"name":"(anonymous_11)","line":193,"loc":{"start":{"line":193,"column":38},"end":{"line":194,"column":0}}},"12":{"name":"(anonymous_12)","line":213,"loc":{"start":{"line":213,"column":35},"end":{"line":214,"column":0}}},"13":{"name":"callback","line":217,"loc":{"start":{"line":217,"column":4},"end":{"line":218,"column":4}}},"14":{"name":"ready","line":227,"loc":{"start":{"line":227,"column":4},"end":{"line":228,"column":4}}},"15":{"name":"make_drain","line":235,"loc":{"start":{"line":235,"column":4},"end":{"line":236,"column":4}}},"16":{"name":"(anonymous_16)","line":239,"loc":{"start":{"line":239,"column":12},"end":{"line":240,"column":8}}}},"statementMap":{"1":{"start":{"line":76,"column":0},"end":{"line":77,"column":27}},"2":{"start":{"line":94,"column":0},"end":{"line":128,"column":1}},"3":{"start":{"line":96,"column":4},"end":{"line":96,"column":40}},"4":{"start":{"line":98,"column":4},"end":{"line":98,"column":28}},"5":{"start":{"line":99,"column":4},"end":{"line":99,"column":28}},"6":{"start":{"line":101,"column":4},"end":{"line":101,"column":21}},"7":{"start":{"line":103,"column":4},"end":{"line":103,"column":19}},"8":{"start":{"line":105,"column":4},"end":{"line":111,"column":7}},"9":{"start":{"line":107,"column":8},"end":{"line":110,"column":9}},"10":{"start":{"line":109,"column":12},"end":{"line":109,"column":80}},"11":{"start":{"line":113,"column":4},"end":{"line":119,"column":7}},"12":{"start":{"line":115,"column":8},"end":{"line":118,"column":11}},"13":{"start":{"line":117,"column":12},"end":{"line":117,"column":40}},"14":{"start":{"line":121,"column":4},"end":{"line":127,"column":7}},"15":{"start":{"line":123,"column":8},"end":{"line":126,"column":11}},"16":{"start":{"line":125,"column":12},"end":{"line":125,"column":42}},"17":{"start":{"line":130,"column":0},"end":{"line":130,"column":48}},"18":{"start":{"line":141,"column":0},"end":{"line":168,"column":2}},"19":{"start":{"line":143,"column":4},"end":{"line":147,"column":6}},"20":{"start":{"line":149,"column":4},"end":{"line":149,"column":27}},"21":{"start":{"line":151,"column":4},"end":{"line":157,"column":7}},"22":{"start":{"line":153,"column":8},"end":{"line":156,"column":9}},"23":{"start":{"line":155,"column":12},"end":{"line":155,"column":34}},"24":{"start":{"line":159,"column":4},"end":{"line":167,"column":7}},"25":{"start":{"line":161,"column":8},"end":{"line":164,"column":9}},"26":{"start":{"line":163,"column":12},"end":{"line":163,"column":34}},"27":{"start":{"line":166,"column":8},"end":{"line":166,"column":37}},"28":{"start":{"line":178,"column":0},"end":{"line":191,"column":2}},"29":{"start":{"line":180,"column":4},"end":{"line":180,"column":16}},"30":{"start":{"line":182,"column":4},"end":{"line":190,"column":5}},"31":{"start":{"line":184,"column":8},"end":{"line":184,"column":30}},"32":{"start":{"line":186,"column":8},"end":{"line":189,"column":9}},"33":{"start":{"line":188,"column":12},"end":{"line":188,"column":55}},"34":{"start":{"line":193,"column":0},"end":{"line":211,"column":2}},"35":{"start":{"line":195,"column":4},"end":{"line":195,"column":29}},"36":{"start":{"line":196,"column":4},"end":{"line":196,"column":24}},"37":{"start":{"line":198,"column":4},"end":{"line":205,"column":5}},"38":{"start":{"line":200,"column":8},"end":{"line":200,"column":34}},"39":{"start":{"line":202,"column":9},"end":{"line":205,"column":5}},"40":{"start":{"line":204,"column":8},"end":{"line":204,"column":24}},"41":{"start":{"line":207,"column":4},"end":{"line":210,"column":5}},"42":{"start":{"line":209,"column":8},"end":{"line":209,"column":27}},"43":{"start":{"line":213,"column":0},"end":{"line":292,"column":2}},"44":{"start":{"line":215,"column":4},"end":{"line":215,"column":63}},"45":{"start":{"line":217,"column":4},"end":{"line":225,"column":5}},"46":{"start":{"line":219,"column":8},"end":{"line":224,"column":9}},"47":{"start":{"line":221,"column":12},"end":{"line":221,"column":23}},"48":{"start":{"line":222,"column":12},"end":{"line":222,"column":22}},"49":{"start":{"line":223,"column":12},"end":{"line":223,"column":16}},"50":{"start":{"line":227,"column":4},"end":{"line":233,"column":5}},"51":{"start":{"line":229,"column":8},"end":{"line":232,"column":9}},"52":{"start":{"line":231,"column":12},"end":{"line":231,"column":23}},"53":{"start":{"line":235,"column":4},"end":{"line":262,"column":5}},"54":{"start":{"line":237,"column":8},"end":{"line":237,"column":31}},"55":{"start":{"line":239,"column":8},"end":{"line":259,"column":10}},"56":{"start":{"line":241,"column":12},"end":{"line":241,"column":39}},"57":{"start":{"line":242,"column":12},"end":{"line":242,"column":28}},"58":{"start":{"line":244,"column":12},"end":{"line":244,"column":49}},"59":{"start":{"line":245,"column":12},"end":{"line":245,"column":50}},"60":{"start":{"line":247,"column":12},"end":{"line":255,"column":13}},"61":{"start":{"line":249,"column":16},"end":{"line":252,"column":17}},"62":{"start":{"line":251,"column":20},"end":{"line":251,"column":28}},"63":{"start":{"line":254,"column":16},"end":{"line":254,"column":23}},"64":{"start":{"line":257,"column":12},"end":{"line":257,"column":33}},"65":{"start":{"line":258,"column":12},"end":{"line":258,"column":20}},"66":{"start":{"line":261,"column":8},"end":{"line":261,"column":17}},"67":{"start":{"line":264,"column":4},"end":{"line":281,"column":5}},"68":{"start":{"line":266,"column":8},"end":{"line":266,"column":30}},"69":{"start":{"line":268,"column":8},"end":{"line":280,"column":9}},"70":{"start":{"line":270,"column":12},"end":{"line":270,"column":70}},"71":{"start":{"line":271,"column":12},"end":{"line":271,"column":19}},"72":{"start":{"line":273,"column":13},"end":{"line":280,"column":9}},"73":{"start":{"line":275,"column":12},"end":{"line":275,"column":29}},"74":{"start":{"line":276,"column":12},"end":{"line":276,"column":32}},"75":{"start":{"line":277,"column":12},"end":{"line":277,"column":37}},"76":{"start":{"line":278,"column":12},"end":{"line":278,"column":41}},"77":{"start":{"line":279,"column":12},"end":{"line":279,"column":42}},"78":{"start":{"line":283,"column":4},"end":{"line":283,"column":35}},"79":{"start":{"line":285,"column":4},"end":{"line":289,"column":5}},"80":{"start":{"line":288,"column":8},"end":{"line":288,"column":23}},"81":{"start":{"line":291,"column":4},"end":{"line":291,"column":35}},"82":{"start":{"line":294,"column":0},"end":{"line":294,"column":42}}},"branchMap":{"1":{"line":98,"type":"binary-expr","locations":[{"start":{"line":98,"column":14},"end":{"line":98,"column":21}},{"start":{"line":98,"column":25},"end":{"line":98,"column":27}}]},"2":{"line":153,"type":"if","locations":[{"start":{"line":153,"column":8},"end":{"line":153,"column":8}},{"start":{"line":153,"column":8},"end":{"line":153,"column":8}}]},"3":{"line":161,"type":"if","locations":[{"start":{"line":161,"column":8},"end":{"line":161,"column":8}},{"start":{"line":161,"column":8},"end":{"line":161,"column":8}}]},"4":{"line":186,"type":"if","locations":[{"start":{"line":186,"column":8},"end":{"line":186,"column":8}},{"start":{"line":186,"column":8},"end":{"line":186,"column":8}}]},"5":{"line":198,"type":"if","locations":[{"start":{"line":198,"column":4},"end":{"line":198,"column":4}},{"start":{"line":198,"column":4},"end":{"line":198,"column":4}}]},"6":{"line":202,"type":"if","locations":[{"start":{"line":202,"column":9},"end":{"line":202,"column":9}},{"start":{"line":202,"column":9},"end":{"line":202,"column":9}}]},"7":{"line":207,"type":"if","locations":[{"start":{"line":207,"column":4},"end":{"line":207,"column":4}},{"start":{"line":207,"column":4},"end":{"line":207,"column":4}}]},"8":{"line":219,"type":"if","locations":[{"start":{"line":219,"column":8},"end":{"line":219,"column":8}},{"start":{"line":219,"column":8},"end":{"line":219,"column":8}}]},"9":{"line":229,"type":"if","locations":[{"start":{"line":229,"column":8},"end":{"line":229,"column":8}},{"start":{"line":229,"column":8},"end":{"line":229,"column":8}}]},"10":{"line":229,"type":"binary-expr","locations":[{"start":{"line":229,"column":12},"end":{"line":229,"column":14}},{"start":{"line":229,"column":18},"end":{"line":229,"column":70}}]},"11":{"line":247,"type":"if","locations":[{"start":{"line":247,"column":12},"end":{"line":247,"column":12}},{"start":{"line":247,"column":12},"end":{"line":247,"column":12}}]},"12":{"line":249,"type":"if","locations":[{"start":{"line":249,"column":16},"end":{"line":249,"column":16}},{"start":{"line":249,"column":16},"end":{"line":249,"column":16}}]},"13":{"line":268,"type":"if","locations":[{"start":{"line":268,"column":8},"end":{"line":268,"column":8}},{"start":{"line":268,"column":8},"end":{"line":268,"column":8}}]},"14":{"line":273,"type":"if","locations":[{"start":{"line":273,"column":13},"end":{"line":273,"column":13}},{"start":{"line":273,"column":13},"end":{"line":273,"column":13}}]},"15":{"line":285,"type":"if","locations":[{"start":{"line":285,"column":4},"end":{"line":285,"column":4}},{"start":{"line":285,"column":4},"end":{"line":285,"column":4}}]},"16":{"line":285,"type":"binary-expr","locations":[{"start":{"line":285,"column":9},"end":{"line":285,"column":24}},{"start":{"line":285,"column":30},"end":{"line":285,"column":53}}]}}}}