{"/home/david/Private/hub/common/fastest-writable/Gruntfile.js":{"path":"/home/david/Private/hub/common/fastest-writable/Gruntfile.js","s":{"1":1,"2":1,"3":1,"4":1,"5":1,"6":1,"7":1,"8":1,"9":1,"10":1,"11":1,"12":1},"b":{},"f":{"1":1},"fnMap":{"1":{"name":"(anonymous_1)","line":4,"loc":{"start":{"line":4,"column":17},"end":{"line":5,"column":0}}}},"statementMap":{"1":{"start":{"line":4,"column":0},"end":{"line":69,"column":2}},"2":{"start":{"line":6,"column":4},"end":{"line":56,"column":7}},"3":{"start":{"line":58,"column":4},"end":{"line":58,"column":39}},"4":{"start":{"line":59,"column":4},"end":{"line":59,"column":43}},"5":{"start":{"line":60,"column":4},"end":{"line":60,"column":39}},"6":{"start":{"line":61,"column":4},"end":{"line":61,"column":37}},"7":{"start":{"line":63,"column":4},"end":{"line":63,"column":45}},"8":{"start":{"line":64,"column":4},"end":{"line":64,"column":52}},"9":{"start":{"line":65,"column":4},"end":{"line":65,"column":41}},"10":{"start":{"line":66,"column":4},"end":{"line":66,"column":71}},"11":{"start":{"line":67,"column":4},"end":{"line":67,"column":54}},"12":{"start":{"line":68,"column":4},"end":{"line":68,"column":59}}},"branchMap":{}},"/home/david/Private/hub/common/fastest-writable/index.js":{"path":"/home/david/Private/hub/common/fastest-writable/index.js","s":{"1":1,"2":1,"3":21,"4":21,"5":21,"6":21,"7":21,"8":21,"9":3,"10":4,"11":1,"12":1,"13":42,"14":42,"15":42,"16":16,"17":4,"18":42,"19":2,"20":1,"21":2,"22":1,"23":11,"24":11,"25":12,"26":12,"27":11,"28":1,"29":23,"30":23,"31":23,"32":1,"33":22,"34":16,"35":23,"36":8,"37":1,"38":26,"39":1,"40":21,"41":19,"42":19,"43":19,"44":1,"45":25,"46":16,"47":1,"48":31,"49":31,"50":20,"51":20,"52":20,"53":20,"54":20,"55":9,"56":6,"57":9,"58":11,"59":11,"60":31,"61":26,"62":47,"63":47,"64":8,"65":8,"66":39,"67":31,"68":31,"69":31,"70":31,"71":31,"72":26,"73":26,"74":8,"75":18,"76":1},"b":{"1":[21,1],"2":[4,12],"3":[1,1],"4":[11,1],"5":[1,22],"6":[16,6],"7":[8,15],"8":[19,2],"9":[16,9],"10":[25,19],"11":[9,11],"12":[6,3],"13":[8,39],"14":[31,8],"15":[8,18],"16":[26,23]},"f":{"1":21,"2":3,"3":42,"4":16,"5":2,"6":11,"7":23,"8":26,"9":21,"10":25,"11":31,"12":20},"fnMap":{"1":{"name":"FastestWritable","line":94,"loc":{"start":{"line":94,"column":0},"end":{"line":95,"column":0}}},"2":{"name":"(anonymous_2)","line":105,"loc":{"start":{"line":105,"column":22},"end":{"line":106,"column":4}}},"3":{"name":"(anonymous_3)","line":125,"loc":{"start":{"line":125,"column":37},"end":{"line":126,"column":0}}},"4":{"name":"(anonymous_4)","line":135,"loc":{"start":{"line":135,"column":22},"end":{"line":136,"column":4}}},"5":{"name":"(anonymous_5)","line":143,"loc":{"start":{"line":143,"column":21},"end":{"line":144,"column":4}}},"6":{"name":"(anonymous_6)","line":162,"loc":{"start":{"line":162,"column":40},"end":{"line":163,"column":0}}},"7":{"name":"(anonymous_7)","line":177,"loc":{"start":{"line":177,"column":38},"end":{"line":178,"column":0}}},"8":{"name":"(anonymous_8)","line":197,"loc":{"start":{"line":197,"column":35},"end":{"line":198,"column":0}}},"9":{"name":"callback","line":201,"loc":{"start":{"line":201,"column":4},"end":{"line":202,"column":4}}},"10":{"name":"ready","line":211,"loc":{"start":{"line":211,"column":4},"end":{"line":212,"column":4}}},"11":{"name":"make_drain","line":219,"loc":{"start":{"line":219,"column":4},"end":{"line":220,"column":4}}},"12":{"name":"(anonymous_12)","line":223,"loc":{"start":{"line":223,"column":12},"end":{"line":224,"column":8}}}},"statementMap":{"1":{"start":{"line":76,"column":0},"end":{"line":77,"column":27}},"2":{"start":{"line":94,"column":0},"end":{"line":112,"column":1}},"3":{"start":{"line":96,"column":4},"end":{"line":96,"column":40}},"4":{"start":{"line":98,"column":4},"end":{"line":98,"column":28}},"5":{"start":{"line":99,"column":4},"end":{"line":99,"column":28}},"6":{"start":{"line":101,"column":4},"end":{"line":101,"column":21}},"7":{"start":{"line":103,"column":4},"end":{"line":103,"column":19}},"8":{"start":{"line":105,"column":4},"end":{"line":111,"column":7}},"9":{"start":{"line":107,"column":8},"end":{"line":110,"column":9}},"10":{"start":{"line":109,"column":12},"end":{"line":109,"column":80}},"11":{"start":{"line":114,"column":0},"end":{"line":114,"column":48}},"12":{"start":{"line":125,"column":0},"end":{"line":152,"column":2}},"13":{"start":{"line":127,"column":4},"end":{"line":131,"column":6}},"14":{"start":{"line":133,"column":4},"end":{"line":133,"column":27}},"15":{"start":{"line":135,"column":4},"end":{"line":141,"column":7}},"16":{"start":{"line":137,"column":8},"end":{"line":140,"column":9}},"17":{"start":{"line":139,"column":12},"end":{"line":139,"column":34}},"18":{"start":{"line":143,"column":4},"end":{"line":151,"column":7}},"19":{"start":{"line":145,"column":8},"end":{"line":148,"column":9}},"20":{"start":{"line":147,"column":12},"end":{"line":147,"column":34}},"21":{"start":{"line":150,"column":8},"end":{"line":150,"column":37}},"22":{"start":{"line":162,"column":0},"end":{"line":175,"column":2}},"23":{"start":{"line":164,"column":4},"end":{"line":164,"column":16}},"24":{"start":{"line":166,"column":4},"end":{"line":174,"column":5}},"25":{"start":{"line":168,"column":8},"end":{"line":168,"column":30}},"26":{"start":{"line":170,"column":8},"end":{"line":173,"column":9}},"27":{"start":{"line":172,"column":12},"end":{"line":172,"column":55}},"28":{"start":{"line":177,"column":0},"end":{"line":195,"column":2}},"29":{"start":{"line":179,"column":4},"end":{"line":179,"column":29}},"30":{"start":{"line":180,"column":4},"end":{"line":180,"column":24}},"31":{"start":{"line":182,"column":4},"end":{"line":189,"column":5}},"32":{"start":{"line":184,"column":8},"end":{"line":184,"column":34}},"33":{"start":{"line":186,"column":9},"end":{"line":189,"column":5}},"34":{"start":{"line":188,"column":8},"end":{"line":188,"column":24}},"35":{"start":{"line":191,"column":4},"end":{"line":194,"column":5}},"36":{"start":{"line":193,"column":8},"end":{"line":193,"column":27}},"37":{"start":{"line":197,"column":0},"end":{"line":276,"column":2}},"38":{"start":{"line":199,"column":4},"end":{"line":199,"column":63}},"39":{"start":{"line":201,"column":4},"end":{"line":209,"column":5}},"40":{"start":{"line":203,"column":8},"end":{"line":208,"column":9}},"41":{"start":{"line":205,"column":12},"end":{"line":205,"column":23}},"42":{"start":{"line":206,"column":12},"end":{"line":206,"column":22}},"43":{"start":{"line":207,"column":12},"end":{"line":207,"column":16}},"44":{"start":{"line":211,"column":4},"end":{"line":217,"column":5}},"45":{"start":{"line":213,"column":8},"end":{"line":216,"column":9}},"46":{"start":{"line":215,"column":12},"end":{"line":215,"column":23}},"47":{"start":{"line":219,"column":4},"end":{"line":246,"column":5}},"48":{"start":{"line":221,"column":8},"end":{"line":221,"column":31}},"49":{"start":{"line":223,"column":8},"end":{"line":243,"column":10}},"50":{"start":{"line":225,"column":12},"end":{"line":225,"column":39}},"51":{"start":{"line":226,"column":12},"end":{"line":226,"column":28}},"52":{"start":{"line":228,"column":12},"end":{"line":228,"column":49}},"53":{"start":{"line":229,"column":12},"end":{"line":229,"column":50}},"54":{"start":{"line":231,"column":12},"end":{"line":239,"column":13}},"55":{"start":{"line":233,"column":16},"end":{"line":236,"column":17}},"56":{"start":{"line":235,"column":20},"end":{"line":235,"column":28}},"57":{"start":{"line":238,"column":16},"end":{"line":238,"column":23}},"58":{"start":{"line":241,"column":12},"end":{"line":241,"column":33}},"59":{"start":{"line":242,"column":12},"end":{"line":242,"column":20}},"60":{"start":{"line":245,"column":8},"end":{"line":245,"column":17}},"61":{"start":{"line":248,"column":4},"end":{"line":265,"column":5}},"62":{"start":{"line":250,"column":8},"end":{"line":250,"column":30}},"63":{"start":{"line":252,"column":8},"end":{"line":264,"column":9}},"64":{"start":{"line":254,"column":12},"end":{"line":254,"column":70}},"65":{"start":{"line":255,"column":12},"end":{"line":255,"column":19}},"66":{"start":{"line":257,"column":13},"end":{"line":264,"column":9}},"67":{"start":{"line":259,"column":12},"end":{"line":259,"column":29}},"68":{"start":{"line":260,"column":12},"end":{"line":260,"column":32}},"69":{"start":{"line":261,"column":12},"end":{"line":261,"column":37}},"70":{"start":{"line":262,"column":12},"end":{"line":262,"column":41}},"71":{"start":{"line":263,"column":12},"end":{"line":263,"column":42}},"72":{"start":{"line":267,"column":4},"end":{"line":267,"column":35}},"73":{"start":{"line":269,"column":4},"end":{"line":273,"column":5}},"74":{"start":{"line":272,"column":8},"end":{"line":272,"column":23}},"75":{"start":{"line":275,"column":4},"end":{"line":275,"column":35}},"76":{"start":{"line":278,"column":0},"end":{"line":278,"column":42}}},"branchMap":{"1":{"line":98,"type":"binary-expr","locations":[{"start":{"line":98,"column":14},"end":{"line":98,"column":21}},{"start":{"line":98,"column":25},"end":{"line":98,"column":27}}]},"2":{"line":137,"type":"if","locations":[{"start":{"line":137,"column":8},"end":{"line":137,"column":8}},{"start":{"line":137,"column":8},"end":{"line":137,"column":8}}]},"3":{"line":145,"type":"if","locations":[{"start":{"line":145,"column":8},"end":{"line":145,"column":8}},{"start":{"line":145,"column":8},"end":{"line":145,"column":8}}]},"4":{"line":170,"type":"if","locations":[{"start":{"line":170,"column":8},"end":{"line":170,"column":8}},{"start":{"line":170,"column":8},"end":{"line":170,"column":8}}]},"5":{"line":182,"type":"if","locations":[{"start":{"line":182,"column":4},"end":{"line":182,"column":4}},{"start":{"line":182,"column":4},"end":{"line":182,"column":4}}]},"6":{"line":186,"type":"if","locations":[{"start":{"line":186,"column":9},"end":{"line":186,"column":9}},{"start":{"line":186,"column":9},"end":{"line":186,"column":9}}]},"7":{"line":191,"type":"if","locations":[{"start":{"line":191,"column":4},"end":{"line":191,"column":4}},{"start":{"line":191,"column":4},"end":{"line":191,"column":4}}]},"8":{"line":203,"type":"if","locations":[{"start":{"line":203,"column":8},"end":{"line":203,"column":8}},{"start":{"line":203,"column":8},"end":{"line":203,"column":8}}]},"9":{"line":213,"type":"if","locations":[{"start":{"line":213,"column":8},"end":{"line":213,"column":8}},{"start":{"line":213,"column":8},"end":{"line":213,"column":8}}]},"10":{"line":213,"type":"binary-expr","locations":[{"start":{"line":213,"column":12},"end":{"line":213,"column":14}},{"start":{"line":213,"column":18},"end":{"line":213,"column":70}}]},"11":{"line":231,"type":"if","locations":[{"start":{"line":231,"column":12},"end":{"line":231,"column":12}},{"start":{"line":231,"column":12},"end":{"line":231,"column":12}}]},"12":{"line":233,"type":"if","locations":[{"start":{"line":233,"column":16},"end":{"line":233,"column":16}},{"start":{"line":233,"column":16},"end":{"line":233,"column":16}}]},"13":{"line":252,"type":"if","locations":[{"start":{"line":252,"column":8},"end":{"line":252,"column":8}},{"start":{"line":252,"column":8},"end":{"line":252,"column":8}}]},"14":{"line":257,"type":"if","locations":[{"start":{"line":257,"column":13},"end":{"line":257,"column":13}},{"start":{"line":257,"column":13},"end":{"line":257,"column":13}}]},"15":{"line":269,"type":"if","locations":[{"start":{"line":269,"column":4},"end":{"line":269,"column":4}},{"start":{"line":269,"column":4},"end":{"line":269,"column":4}}]},"16":{"line":269,"type":"binary-expr","locations":[{"start":{"line":269,"column":9},"end":{"line":269,"column":24}},{"start":{"line":269,"column":30},"end":{"line":269,"column":53}}]}}}}