TN:
SF:/home/david/fastest-writable/Gruntfile.js
FN:3,(anonymous_1)
FNF:1
FNH:1
FNDA:1,(anonymous_1)
DA:3,1
DA:5,1
DA:45,1
DA:46,1
DA:47,1
DA:48,1
DA:50,1
DA:51,1
DA:52,1
DA:53,1
DA:54,1
DA:55,1
LF:12
LH:12
BRF:0
BRH:0
end_of_record
TN:
SF:/home/david/fastest-writable/index.js
FN:92,FastestWritable
FN:103,(anonymous_2)
FN:111,(anonymous_3)
FN:119,(anonymous_4)
FN:127,(anonymous_5)
FN:133,(anonymous_6)
FN:158,(anonymous_7)
FN:167,(anonymous_8)
FN:186,(anonymous_9)
FN:194,(anonymous_10)
FN:217,(anonymous_11)
FN:221,callback
FN:231,ready
FN:239,drain
FNF:14
FNH:14
FNDA:24,FastestWritable
FNDA:3,(anonymous_2)
FNDA:25,(anonymous_3)
FNDA:9,(anonymous_4)
FNDA:9,(anonymous_5)
FNDA:104,(anonymous_6)
FNDA:48,(anonymous_7)
FNDA:49,(anonymous_8)
FNDA:15,(anonymous_9)
FNDA:23,(anonymous_10)
FNDA:26,(anonymous_11)
FNDA:21,callback
FNDA:25,ready
FNDA:20,drain
DA:74,1
DA:92,1
DA:94,24
DA:96,24
DA:97,24
DA:99,24
DA:101,24
DA:103,24
DA:105,3
DA:107,4
DA:111,24
DA:113,25
DA:115,2
DA:119,24
DA:121,9
DA:123,11
DA:127,24
DA:129,9
DA:132,24
DA:133,24
DA:135,104
DA:137,2
DA:139,3
DA:143,104
DA:147,1
DA:158,1
DA:160,48
DA:162,48
DA:164,48
DA:166,48
DA:167,48
DA:169,49
DA:171,1
DA:174,49
DA:186,1
DA:188,15
DA:190,11
DA:194,1
DA:196,23
DA:198,23
DA:200,1
DA:201,1
DA:203,22
DA:205,11
DA:208,23
DA:209,23
DA:211,23
DA:213,8
DA:217,1
DA:219,26
DA:221,1
DA:223,21
DA:225,19
DA:226,19
DA:227,19
DA:231,1
DA:233,25
DA:235,16
DA:239,1
DA:241,20
DA:244,20
DA:245,20
DA:247,20
DA:249,9
DA:251,6
DA:254,9
DA:257,11
DA:258,11
DA:261,26
DA:263,47
DA:265,47
DA:267,8
DA:269,39
DA:271,31
DA:272,31
DA:273,31
DA:274,31
DA:278,26
DA:280,26
DA:283,8
DA:286,18
DA:289,1
LF:82
LH:82
BRDA:96,1,0,24
BRDA:96,1,1,1
BRDA:135,2,0,2
BRDA:135,2,1,102
BRDA:169,3,0,1
BRDA:169,3,1,48
BRDA:188,4,0,11
BRDA:188,4,1,4
BRDA:198,5,0,1
BRDA:198,5,1,22
BRDA:203,6,0,11
BRDA:203,6,1,11
BRDA:211,7,0,8
BRDA:211,7,1,15
BRDA:223,8,0,19
BRDA:223,8,1,2
BRDA:233,9,0,16
BRDA:233,9,1,9
BRDA:233,10,0,25
BRDA:233,10,1,19
BRDA:247,11,0,9
BRDA:247,11,1,11
BRDA:249,12,0,6
BRDA:249,12,1,3
BRDA:265,13,0,8
BRDA:265,13,1,39
BRDA:269,14,0,31
BRDA:269,14,1,8
BRDA:280,15,0,8
BRDA:280,15,1,18
BRDA:280,16,0,26
BRDA:280,16,1,23
BRF:32
BRH:32
end_of_record
